<?xml version="1.0" encoding="UTF-8"?>
<!-- Generated by org.testng.reporters.JUnitReportReporter -->
<testsuite hostname="DESKTOP-D6F5H8R" failures="0" tests="1" name="com.AutomationTalks.demoProject3.APITest1" time="2.407" errors="0" timestamp="2023-09-15T04:12:44 EDT" skipped="0">
  <testcase classname="com.AutomationTalks.demoProject3.APITest1" name="get01" time="2.407"/>
  <system-out/>
</testsuite> <!-- com.AutomationTalks.demoProject3.APITest1 -->
