<?xml version="1.0" encoding="UTF-8"?>
<!-- Generated by org.testng.reporters.JUnitReportReporter -->
<testsuite hostname="DESKTOP-D6F5H8R" failures="0" tests="3" name="com.AutomationTalks.demoProject3.TestClass" time="20.856" errors="0" timestamp="2023-09-11T21:37:21 EDT" skipped="0">
  <testcase classname="com.AutomationTalks.demoProject3.TestClass" name="Test1" time="7.676"/>
  <system-out/>
  <testcase classname="com.AutomationTalks.demoProject3.TestClass" name="Test2" time="7.172"/>
  <system-out/>
  <testcase classname="com.AutomationTalks.demoProject3.TestClass" name="Test3" time="6.008"/>
  <system-out/>
</testsuite> <!-- com.AutomationTalks.demoProject3.TestClass -->
