<?xml version="1.0" encoding="UTF-8"?>
<!-- Generated by org.testng.reporters.JUnitReportReporter -->
<testsuite hostname="DESKTOP-D6F5H8R" failures="0" tests="3" name="com.AutomationTalks.demoProject3.TestClass" time="15.035" errors="0" timestamp="2023-09-16T00:24:46 EDT" skipped="0">
  <testcase classname="com.AutomationTalks.demoProject3.TestClass" name="Test2" time="3.463"/>
  <system-out/>
  <testcase classname="com.AutomationTalks.demoProject3.TestClass" name="Test1" time="6.720"/>
  <system-out/>
  <testcase classname="com.AutomationTalks.demoProject3.TestClass" name="Test3" time="4.852"/>
  <system-out/>
</testsuite> <!-- com.AutomationTalks.demoProject3.TestClass -->
