<?xml version="1.0" encoding="UTF-8"?>
<!-- Generated by org.testng.reporters.JUnitReportReporter -->
<testsuite hostname="DESKTOP-D6F5H8R" failures="0" tests="1" name="com.AutomationTalks.demoProject3.APITest" time="2.427" errors="0" timestamp="2023-09-16T00:25:19 EDT" skipped="0">
  <testcase classname="com.AutomationTalks.demoProject3.APITest" name="get01" time="2.427"/>
  <system-out/>
</testsuite> <!-- com.AutomationTalks.demoProject3.APITest -->
