<?xml version="1.0" encoding="UTF-8"?>
<!-- Generated by org.testng.reporters.JUnitReportReporter -->
<testsuite hostname="DESKTOP-D6F5H8R" failures="0" tests="3" name="com.AutomationTalks.demoProject3.TestClass" time="17.832" errors="0" timestamp="2023-09-15T01:48:07 EDT" skipped="0">
  <testcase classname="com.AutomationTalks.demoProject3.TestClass" name="Test1" time="8.257"/>
  <system-out/>
  <testcase classname="com.AutomationTalks.demoProject3.TestClass" name="Test2" time="3.270"/>
  <system-out/>
  <testcase classname="com.AutomationTalks.demoProject3.TestClass" name="Test3" time="6.305"/>
  <system-out/>
</testsuite> <!-- com.AutomationTalks.demoProject3.TestClass -->
