<?xml version="1.0" encoding="UTF-8"?>
<!-- Generated by org.testng.reporters.JUnitReportReporter -->
<testsuite hostname="DESKTOP-D6F5H8R" failures="0" tests="3" name="com.AutomationTalks.demoProject3.TestClass" time="14.700" errors="0" timestamp="2023-09-15T02:22:08 EDT" skipped="0">
  <testcase classname="com.AutomationTalks.demoProject3.TestClass" name="Test1" time="4.937"/>
  <system-out/>
  <testcase classname="com.AutomationTalks.demoProject3.TestClass" name="Test3" time="4.815"/>
  <system-out/>
  <testcase classname="com.AutomationTalks.demoProject3.TestClass" name="Test2" time="4.948"/>
  <system-out/>
</testsuite> <!-- com.AutomationTalks.demoProject3.TestClass -->
